SF:lib\app\core\errors\i_app_exception.dart
DA:8,0
LF:1
LH:0
end_of_record
SF:lib\app\features\tire\domain\entities\tire_entity.dart
DA:8,8
LF:1
LH:1
end_of_record
SF:lib\app\features\tire\domain\usecases\get_tires\get_tires_usecase.dart
DA:11,1
DA:13,1
DA:17,2
LF:3
LH:3
end_of_record
SF:lib\app\features\tire\domain\entities\tire_details_entity.dart
DA:17,8
LF:1
LH:1
end_of_record
SF:lib\app\features\tire\domain\enums\status_tire_enum.dart
DA:10,0
DA:11,0
DA:12,0
DA:13,0
DA:14,0
DA:17,1
DA:18,1
DA:19,1
DA:20,0
DA:21,0
LF:10
LH:3
end_of_record
SF:lib\app\features\tire\domain\params\get_tire_details_params.dart
DA:3,4
LF:1
LH:1
end_of_record
SF:lib\app\features\tire\domain\params\get_tires_params.dart
DA:6,4
LF:1
LH:1
end_of_record
SF:lib\app\features\tire\domain\usecases\get_tire_details\get_tire_details_usecase.dart
DA:11,1
DA:13,1
DA:17,2
LF:3
LH:3
end_of_record
SF:lib\app\core\remote_client\http\helpers\params.dart
DA:10,2
LF:1
LH:1
end_of_record
SF:lib\app\core\remote_client\http\helpers\responses.dart
DA:5,2
DA:15,0
DA:24,0
LF:3
LH:1
end_of_record
SF:lib\app\features\tire\external\datasources\get_tires_datasource.dart
DA:13,1
DA:16,1
DA:18,2
DA:19,1
DA:20,1
DA:21,1
DA:25,2
DA:27,2
DA:28,1
DA:29,1
LF:10
LH:10
end_of_record
SF:lib\app\features\tire\external\mappers\tire_mapper.dart
DA:5,1
DA:6,1
DA:7,1
DA:8,1
DA:9,1
DA:10,1
DA:11,1
DA:12,1
DA:16,1
DA:17,1
DA:18,3
DA:19,3
DA:20,3
LF:13
LH:13
end_of_record
SF:lib\app\features\tire\external\datasources\get_tire_details_datasource.dart
DA:13,1
DA:16,1
DA:18,2
DA:19,2
DA:20,1
DA:25,2
LF:6
LH:6
end_of_record
SF:lib\app\features\tire\external\mappers\tire_details_mapper.dart
DA:5,1
DA:6,1
DA:8,1
DA:9,1
DA:10,1
DA:11,2
DA:12,2
DA:13,1
DA:14,1
DA:15,1
DA:16,1
DA:17,1
DA:18,1
DA:19,1
DA:20,1
DA:21,1
DA:22,2
LF:17
LH:17
end_of_record
SF:lib\app\features\tire\infra\repositories\get_tires_repository.dart
DA:11,1
DA:13,1
DA:17,2
DA:18,1
DA:19,1
DA:20,1
LF:6
LH:6
end_of_record
SF:lib\app\features\tire\infra\repositories\get_tire_details_repository.dart
DA:11,1
DA:13,1
DA:18,2
DA:19,1
DA:20,1
DA:21,1
LF:6
LH:6
end_of_record
SF:lib\app\features\tire\presenter\store\tire_store.dart
DA:13,1
DA:18,2
DA:20,1
DA:21,2
DA:22,2
DA:23,1
DA:24,2
DA:25,1
DA:26,1
DA:28,2
DA:30,3
DA:36,2
DA:39,1
DA:40,1
DA:41,2
DA:42,1
DA:43,2
DA:44,1
DA:45,3
DA:48,1
DA:51,0
DA:52,0
DA:55,0
DA:56,0
LF:24
LH:20
end_of_record
SF:lib\app\features\tire\presenter\store\tire_state.dart
DA:12,2
DA:21,1
DA:32,1
DA:40,1
DA:41,1
DA:42,1
DA:43,1
DA:44,1
DA:45,1
DA:46,1
LF:10
LH:10
end_of_record
